/home/jenkins/carla/Unreal/CarlaUE4/Plugins/Carla/Source/Carla/Lights/CarlaLight.h:115: warning: Found ';' while parsing initializer list! (doxygen could be confused by a macro call without semicolon)
/home/jenkins/carla/Unreal/CarlaUE4/Plugins/Carla/Source/Carla/Traffic/SignComponent.h:81: warning: Found ';' while parsing initializer list! (doxygen could be confused by a macro call without semicolon)
/home/jenkins/carla/Unreal/CarlaUE4/Plugins/Carla/Source/Carla/Traffic/SpeedLimitComponent.h:39: warning: Found ';' while parsing initializer list! (doxygen could be confused by a macro call without semicolon)
/home/jenkins/carla/Unreal/CarlaUE4/Plugins/Carla/Source/Carla/Traffic/StopSignComponent.h:73: warning: Found ';' while parsing initializer list! (doxygen could be confused by a macro call without semicolon)
/home/jenkins/carla/Unreal/CarlaUE4/Plugins/Carla/Source/Carla/Traffic/TrafficLightComponent.h:97: warning: Found ';' while parsing initializer list! (doxygen could be confused by a macro call without semicolon)
/home/jenkins/carla/Unreal/CarlaUE4/Plugins/Carla/Source/Carla/Traffic/YieldSignComponent.h:73: warning: Found ';' while parsing initializer list! (doxygen could be confused by a macro call without semicolon)
/home/jenkins/carla/Unreal/CarlaUE4/Plugins/Carla/Source/Carla/Util/NoWorldOffsetSceneComponent.h:20: warning: Found ';' while parsing initializer list! (doxygen could be confused by a macro call without semicolon)
/home/jenkins/carla/Unreal/CarlaUE4/Plugins/Carla/Source/Carla/Vegetation/SpringBasedVegetationComponent.h:289: warning: Found ';' while parsing initializer list! (doxygen could be confused by a macro call without semicolon)
/home/jenkins/carla/Unreal/CarlaUE4/Plugins/Carla/Source/Carla/Vehicle/CustomTerrainPhysicsComponent.h:536: warning: Found ';' while parsing initializer list! (doxygen could be confused by a macro call without semicolon)
/home/jenkins/carla/Unreal/CarlaUE4/Plugins/Carla/Source/Carla/Vehicle/VehicleVelocityControl.h:56: warning: Found ';' while parsing initializer list! (doxygen could be confused by a macro call without semicolon)
/home/jenkins/carla/Unreal/CarlaUE4/Plugins/Carla/Source/Carla/Vehicle/WheeledVehicleMovementComponentNW.h:167: warning: Found ';' while parsing initializer list! (doxygen could be confused by a macro call without semicolon)
/home/jenkins/carla/LibCarla/source/carla/client/detail/ActorState.cpp:26: warning: Found ';' while parsing initializer list! (doxygen could be confused by a macro call without semicolon)
/home/jenkins/carla/LibCarla/source/carla/rpc/Server.h:82: warning: Detected potential recursive class relation between class carla::rpc::detail::FunctionWrapper and base class carla::rpc::detail::FunctionWrapper< decltype(&T::operator())>!

/home/jenkins/carla/LibCarla/source/carla/rpc/Server.h:82: warning: Detected potential recursive class relation between class carla::rpc::detail::FunctionWrapper and base class FunctionWrapper< decltype(&T::operator())>!

/home/jenkins/carla/LibCarla/source/carla/rpc/Server.h:82: warning: Detected potential recursive class relation between class carla::rpc::detail::FunctionWrapper and base class carla::rpc::detail::FunctionWrapper< decltype(&T::operator())>!

/home/jenkins/carla/LibCarla/source/carla/rpc/Server.h:82: warning: Detected potential recursive class relation between class carla::rpc::detail::FunctionWrapper and base class FunctionWrapper< decltype(&T::operator())>!

/home/jenkins/carla/Unreal/CarlaUE4/Plugins/Carla/Source/Carla/Lights/CarlaLight.cpp:11: warning: documented symbol `UCarlaLight::UCarlaLight' was not declared or defined.
/home/jenkins/carla/Unreal/CarlaUE4/Plugins/Carla/Source/Carla/Lights/CarlaLight.cpp:16: warning: no uniquely matching class member found for 
  void UCarlaLight::BeginPlay()

/home/jenkins/carla/Unreal/CarlaUE4/Plugins/Carla/Source/Carla/Lights/CarlaLight.cpp:23: warning: no matching class member found for 
  void UCarlaLight::RegisterLight()

/home/jenkins/carla/Unreal/CarlaUE4/Plugins/Carla/Source/Carla/Lights/CarlaLight.cpp:40: warning: documented symbol `void UCarlaLight::OnComponentDestroyed' was not declared or defined.
/home/jenkins/carla/Unreal/CarlaUE4/Plugins/Carla/Source/Carla/Lights/CarlaLight.cpp:45: warning: no uniquely matching class member found for 
  void UCarlaLight::EndPlay(const EEndPlayReason::Type EndPlayReason)

/home/jenkins/carla/Unreal/CarlaUE4/Plugins/Carla/Source/Carla/Lights/CarlaLight.cpp:56: warning: documented symbol `void UCarlaLight::SetLightIntensity' was not declared or defined.
/home/jenkins/carla/Unreal/CarlaUE4/Plugins/Carla/Source/Carla/Lights/CarlaLight.cpp:62: warning: documented symbol `float UCarlaLight::GetLightIntensity' was not declared or defined.
/home/jenkins/carla/Unreal/CarlaUE4/Plugins/Carla/Source/Carla/Lights/CarlaLight.cpp:67: warning: documented symbol `void UCarlaLight::SetLightColor' was not declared or defined.
/home/jenkins/carla/Unreal/CarlaUE4/Plugins/Carla/Source/Carla/Lights/CarlaLight.cpp:74: warning: documented symbol `FLinearColor UCarlaLight::GetLightColor' was not declared or defined.
/home/jenkins/carla/Unreal/CarlaUE4/Plugins/Carla/Source/Carla/Lights/CarlaLight.cpp:79: warning: documented symbol `void UCarlaLight::SetLightOn' was not declared or defined.
/home/jenkins/carla/Unreal/CarlaUE4/Plugins/Carla/Source/Carla/Lights/CarlaLight.cpp:86: warning: documented symbol `bool UCarlaLight::GetLightOn' was not declared or defined.
/home/jenkins/carla/Unreal/CarlaUE4/Plugins/Carla/Source/Carla/Lights/CarlaLight.cpp:91: warning: documented symbol `void UCarlaLight::SetLightType' was not declared or defined.
/home/jenkins/carla/Unreal/CarlaUE4/Plugins/Carla/Source/Carla/Lights/CarlaLight.cpp:96: warning: documented symbol `ELightType UCarlaLight::GetLightType' was not declared or defined.
/home/jenkins/carla/Unreal/CarlaUE4/Plugins/Carla/Source/Carla/Lights/CarlaLight.cpp:101: warning: no uniquely matching class member found for 
  carla::rpc::LightState UCarlaLight::GetLightState()

/home/jenkins/carla/Unreal/CarlaUE4/Plugins/Carla/Source/Carla/Lights/CarlaLight.cpp:116: warning: no uniquely matching class member found for 
  void UCarlaLight::SetLightState(carla::rpc::LightState LightState)

/home/jenkins/carla/Unreal/CarlaUE4/Plugins/Carla/Source/Carla/Lights/CarlaLight.cpp:126: warning: no uniquely matching class member found for 
  FVector UCarlaLight::GetLocation() const

/home/jenkins/carla/Unreal/CarlaUE4/Plugins/Carla/Source/Carla/Lights/CarlaLight.cpp:138: warning: no uniquely matching class member found for 
  int UCarlaLight::GetId() const

/home/jenkins/carla/Unreal/CarlaUE4/Plugins/Carla/Source/Carla/Lights/CarlaLight.cpp:143: warning: documented symbol `void UCarlaLight::SetId' was not declared or defined.
/home/jenkins/carla/Unreal/CarlaUE4/Plugins/Carla/Source/Carla/Lights/CarlaLight.cpp:148: warning: documented symbol `void UCarlaLight::RecordLightChange' was not declared or defined.
/home/jenkins/carla/Unreal/CarlaUE4/Plugins/Carla/Source/Carla/Traffic/SignComponent.cpp:16: warning: documented symbol `USignComponent::USignComponent' was not declared or defined.
/home/jenkins/carla/Unreal/CarlaUE4/Plugins/Carla/Source/Carla/Traffic/SignComponent.cpp:22: warning: no uniquely matching class member found for 
  void USignComponent::BeginPlay()

/home/jenkins/carla/Unreal/CarlaUE4/Plugins/Carla/Source/Carla/Traffic/SignComponent.cpp:29: warning: no uniquely matching class member found for 
  void USignComponent::TickComponent(float DeltaTime, ELevelTick TickType, FActorComponentTickFunction *ThisTickFunction)

/home/jenkins/carla/Unreal/CarlaUE4/Plugins/Carla/Source/Carla/Traffic/SignComponent.cpp:35: warning: no matching class member found for 
  const FString & USignComponent::GetSignId() const

/home/jenkins/carla/Unreal/CarlaUE4/Plugins/Carla/Source/Carla/Traffic/SignComponent.cpp:40: warning: documented symbol `void USignComponent::SetSignId' was not declared or defined.
/home/jenkins/carla/Unreal/CarlaUE4/Plugins/Carla/Source/Carla/Traffic/SignComponent.cpp:44: warning: documented symbol `void USignComponent::InitializeSign' was not declared or defined.
/home/jenkins/carla/Unreal/CarlaUE4/Plugins/Carla/Source/Carla/Traffic/SignComponent.cpp:50: warning: documented symbol `TArray< std::pair< cr::RoadId, const cre::RoadInfoSignal * > > USignComponent::GetAllReferencesToThisSignal' was not declared or defined.
/home/jenkins/carla/Unreal/CarlaUE4/Plugins/Carla/Source/Carla/Traffic/SignComponent.cpp:79: warning: no matching class member found for 
  const cr::Signal * USignComponent::GetSignal(const cr::Map &Map) const

/home/jenkins/carla/Unreal/CarlaUE4/Plugins/Carla/Source/Carla/Traffic/SignComponent.cpp:89: warning: documented symbol `UBoxComponent * USignComponent::GenerateTriggerBox' was not declared or defined.
/home/jenkins/carla/Unreal/CarlaUE4/Plugins/Carla/Source/Carla/Traffic/SignComponent.cpp:103: warning: documented symbol `UBoxComponent * USignComponent::GenerateTriggerBox' was not declared or defined.
/home/jenkins/carla/Unreal/CarlaUE4/Plugins/Carla/Source/Carla/Traffic/SignComponent.cpp:117: warning: documented symbol `void USignComponent::AddEffectTriggerVolume' was not declared or defined.
/home/jenkins/carla/Unreal/CarlaUE4/Plugins/Carla/Source/Carla/Traffic/SignComponent.cpp:122: warning: documented symbol `const TArray< UBoxComponent * > USignComponent::GetEffectTriggerVolume' was not declared or defined.
/home/jenkins/carla/Unreal/CarlaUE4/Plugins/Carla/Source/Carla/Traffic/SpeedLimitComponent.cpp:20: warning: no matching class member found for 
  void USpeedLimitComponent::SetSpeedLimit(float Limit)

/home/jenkins/carla/Unreal/CarlaUE4/Plugins/Carla/Source/Carla/Traffic/SpeedLimitComponent.cpp:25: warning: documented symbol `void USpeedLimitComponent::InitializeSign' was not declared or defined.
/home/jenkins/carla/Unreal/CarlaUE4/Plugins/Carla/Source/Carla/Traffic/SpeedLimitComponent.cpp:86: warning: documented symbol `void USpeedLimitComponent::GenerateSpeedBox' was not declared or defined.
/home/jenkins/carla/Unreal/CarlaUE4/Plugins/Carla/Source/Carla/Traffic/SpeedLimitComponent.cpp:93: warning: documented symbol `void USpeedLimitComponent::OnOverlapBeginSpeedLimitBox' was not declared or defined.
/home/jenkins/carla/Unreal/CarlaUE4/Plugins/Carla/Source/Carla/Traffic/StopSignComponent.cpp:20: warning: documented symbol `void UStopSignComponent::InitializeSign' was not declared or defined.
/home/jenkins/carla/Unreal/CarlaUE4/Plugins/Carla/Source/Carla/Traffic/StopSignComponent.cpp:205: warning: documented symbol `void UStopSignComponent::GenerateStopBox' was not declared or defined.
/home/jenkins/carla/Unreal/CarlaUE4/Plugins/Carla/Source/Carla/Traffic/StopSignComponent.cpp:214: warning: documented symbol `void UStopSignComponent::GenerateCheckBox' was not declared or defined.
/home/jenkins/carla/Unreal/CarlaUE4/Plugins/Carla/Source/Carla/Traffic/StopSignComponent.cpp:222: warning: documented symbol `void UStopSignComponent::GiveWayIfPossible' was not declared or defined.
/home/jenkins/carla/Unreal/CarlaUE4/Plugins/Carla/Source/Carla/Traffic/StopSignComponent.cpp:249: warning: documented symbol `void UStopSignComponent::DelayedGiveWay' was not declared or defined.
/home/jenkins/carla/Unreal/CarlaUE4/Plugins/Carla/Source/Carla/Traffic/StopSignComponent.cpp:256: warning: documented symbol `void UStopSignComponent::OnOverlapBeginStopEffectBox' was not declared or defined.
/home/jenkins/carla/Unreal/CarlaUE4/Plugins/Carla/Source/Carla/Traffic/StopSignComponent.cpp:280: warning: documented symbol `void UStopSignComponent::OnOverlapEndStopEffectBox' was not declared or defined.
/home/jenkins/carla/Unreal/CarlaUE4/Plugins/Carla/Source/Carla/Traffic/StopSignComponent.cpp:292: warning: documented symbol `void UStopSignComponent::OnOverlapBeginStopCheckBox' was not declared or defined.
/home/jenkins/carla/Unreal/CarlaUE4/Plugins/Carla/Source/Carla/Traffic/StopSignComponent.cpp:314: warning: documented symbol `void UStopSignComponent::OnOverlapEndStopCheckBox' was not declared or defined.
/home/jenkins/carla/Unreal/CarlaUE4/Plugins/Carla/Source/Carla/Traffic/StopSignComponent.cpp:334: warning: documented symbol `void UStopSignComponent::RemoveSameVehicleInBothLists' was not declared or defined.
/home/jenkins/carla/Unreal/CarlaUE4/Plugins/Carla/Source/Carla/Traffic/TrafficLightComponent.cpp:22: warning: documented symbol `UTrafficLightComponent::UTrafficLightComponent' was not declared or defined.
/home/jenkins/carla/Unreal/CarlaUE4/Plugins/Carla/Source/Carla/Traffic/TrafficLightComponent.cpp:27: warning: documented symbol `void UTrafficLightComponent::InitializeSign' was not declared or defined.
/home/jenkins/carla/Unreal/CarlaUE4/Plugins/Carla/Source/Carla/Traffic/TrafficLightComponent.cpp:97: warning: documented symbol `void UTrafficLightComponent::GenerateTrafficLightBox' was not declared or defined.
/home/jenkins/carla/Unreal/CarlaUE4/Plugins/Carla/Source/Carla/Traffic/TrafficLightComponent.cpp:106: warning: no uniquely matching class member found for 
  void UTrafficLightComponent::SetLightState(ETrafficLightState NewState)

/home/jenkins/carla/Unreal/CarlaUE4/Plugins/Carla/Source/Carla/Traffic/TrafficLightComponent.cpp:129: warning: no uniquely matching class member found for 
  ETrafficLightState UTrafficLightComponent::GetLightState() const

/home/jenkins/carla/Unreal/CarlaUE4/Plugins/Carla/Source/Carla/Traffic/TrafficLightComponent.cpp:134: warning: no matching class member found for 
  void UTrafficLightComponent::SetFrozenGroup(bool InFreeze)

/home/jenkins/carla/Unreal/CarlaUE4/Plugins/Carla/Source/Carla/Traffic/TrafficLightComponent.cpp:142: warning: no uniquely matching class member found for 
  ATrafficLightGroup * UTrafficLightComponent::GetGroup()

/home/jenkins/carla/Unreal/CarlaUE4/Plugins/Carla/Source/Carla/Traffic/TrafficLightComponent.cpp:147: warning: no uniquely matching class member found for 
  const ATrafficLightGroup * UTrafficLightComponent::GetGroup() const

/home/jenkins/carla/Unreal/CarlaUE4/Plugins/Carla/Source/Carla/Traffic/TrafficLightComponent.cpp:152: warning: no matching class member found for 
  UTrafficLightController * UTrafficLightComponent::GetController()

/home/jenkins/carla/Unreal/CarlaUE4/Plugins/Carla/Source/Carla/Traffic/TrafficLightComponent.cpp:157: warning: no matching class member found for 
  const UTrafficLightController * UTrafficLightComponent::GetController() const

/home/jenkins/carla/Unreal/CarlaUE4/Plugins/Carla/Source/Carla/Traffic/TrafficLightComponent.cpp:162: warning: documented symbol `void UTrafficLightComponent::OnBeginOverlapTriggerBox' was not declared or defined.
/home/jenkins/carla/Unreal/CarlaUE4/Plugins/Carla/Source/Carla/Traffic/TrafficLightComponent.cpp:183: warning: documented symbol `void UTrafficLightComponent::OnEndOverlapTriggerBox' was not declared or defined.
/home/jenkins/carla/Unreal/CarlaUE4/Plugins/Carla/Source/Carla/Traffic/TrafficLightComponent.cpp:202: warning: documented symbol `void UTrafficLightComponent::SetController' was not declared or defined.
/home/jenkins/carla/Unreal/CarlaUE4/Plugins/Carla/Source/Carla/Traffic/YieldSignComponent.cpp:19: warning: documented symbol `void UYieldSignComponent::InitializeSign' was not declared or defined.
/home/jenkins/carla/Unreal/CarlaUE4/Plugins/Carla/Source/Carla/Traffic/YieldSignComponent.cpp:207: warning: documented symbol `void UYieldSignComponent::GenerateYieldBox' was not declared or defined.
/home/jenkins/carla/Unreal/CarlaUE4/Plugins/Carla/Source/Carla/Traffic/YieldSignComponent.cpp:216: warning: documented symbol `void UYieldSignComponent::GenerateCheckBox' was not declared or defined.
/home/jenkins/carla/Unreal/CarlaUE4/Plugins/Carla/Source/Carla/Traffic/YieldSignComponent.cpp:224: warning: documented symbol `void UYieldSignComponent::GiveWayIfPossible' was not declared or defined.
/home/jenkins/carla/Unreal/CarlaUE4/Plugins/Carla/Source/Carla/Traffic/YieldSignComponent.cpp:251: warning: documented symbol `void UYieldSignComponent::DelayedGiveWay' was not declared or defined.
/home/jenkins/carla/Unreal/CarlaUE4/Plugins/Carla/Source/Carla/Traffic/YieldSignComponent.cpp:258: warning: documented symbol `void UYieldSignComponent::OnOverlapBeginYieldEffectBox' was not declared or defined.
/home/jenkins/carla/Unreal/CarlaUE4/Plugins/Carla/Source/Carla/Traffic/YieldSignComponent.cpp:279: warning: documented symbol `void UYieldSignComponent::OnOverlapEndYieldEffectBox' was not declared or defined.
/home/jenkins/carla/Unreal/CarlaUE4/Plugins/Carla/Source/Carla/Traffic/YieldSignComponent.cpp:291: warning: documented symbol `void UYieldSignComponent::OnOverlapBeginYieldCheckBox' was not declared or defined.
/home/jenkins/carla/Unreal/CarlaUE4/Plugins/Carla/Source/Carla/Traffic/YieldSignComponent.cpp:313: warning: documented symbol `void UYieldSignComponent::OnOverlapEndYieldCheckBox' was not declared or defined.
/home/jenkins/carla/Unreal/CarlaUE4/Plugins/Carla/Source/Carla/Traffic/YieldSignComponent.cpp:333: warning: documented symbol `void UYieldSignComponent::RemoveSameVehicleInBothLists' was not declared or defined.
/home/jenkins/carla/Unreal/CarlaUE4/Plugins/Carla/Source/Carla/Util/NoWorldOffsetSceneComponent.cpp:10: warning: documented symbol `void UNoWorldOffsetSceneComponent::ApplyWorldOffset' was not declared or defined.
/home/jenkins/carla/Unreal/CarlaUE4/Plugins/Carla/Source/Carla/Vegetation/SpringBasedVegetationComponent.cpp:237: warning: documented symbol `USpringBasedVegetationComponent::USpringBasedVegetationComponent' was not declared or defined.
/home/jenkins/carla/Unreal/CarlaUE4/Plugins/Carla/Source/Carla/Vegetation/SpringBasedVegetationComponent.cpp:244: warning: documented symbol `void USpringBasedVegetationComponent::GenerateSkeletonHierarchy' was not declared or defined.
/home/jenkins/carla/Unreal/CarlaUE4/Plugins/Carla/Source/Carla/Vegetation/SpringBasedVegetationComponent.cpp:312: warning: no uniquely matching class member found for 
  void USpringBasedVegetationComponent::BeginPlay()

/home/jenkins/carla/Unreal/CarlaUE4/Plugins/Carla/Source/Carla/Vegetation/SpringBasedVegetationComponent.cpp:354: warning: documented symbol `void USpringBasedVegetationComponent::ResetComponent' was not declared or defined.
/home/jenkins/carla/Unreal/CarlaUE4/Plugins/Carla/Source/Carla/Vegetation/SpringBasedVegetationComponent.cpp:360: warning: documented symbol `void USpringBasedVegetationComponent::GenerateCollisionCapsules' was not declared or defined.
/home/jenkins/carla/Unreal/CarlaUE4/Plugins/Carla/Source/Carla/Vegetation/SpringBasedVegetationComponent.cpp:399: warning: documented symbol `void USpringBasedVegetationComponent::ComputeSpringStrengthForBranches' was not declared or defined.
/home/jenkins/carla/Unreal/CarlaUE4/Plugins/Carla/Source/Carla/Vegetation/SpringBasedVegetationComponent.cpp:421: warning: no uniquely matching class member found for 
  void USpringBasedVegetationComponent::EndPlay(const EEndPlayReason::Type EndPlayReason)

/home/jenkins/carla/Unreal/CarlaUE4/Plugins/Carla/Source/Carla/Vegetation/SpringBasedVegetationComponent.cpp:431: warning: documented symbol `void USpringBasedVegetationComponent::ComputePerJointProperties' was not declared or defined.
/home/jenkins/carla/Unreal/CarlaUE4/Plugins/Carla/Source/Carla/Vegetation/SpringBasedVegetationComponent.cpp:489: warning: documented symbol `void USpringBasedVegetationComponent::ComputeCompositeBodyContribution' was not declared or defined.
/home/jenkins/carla/Unreal/CarlaUE4/Plugins/Carla/Source/Carla/Vegetation/SpringBasedVegetationComponent.cpp:551: warning: documented symbol `void USpringBasedVegetationComponent::ComputeFictitiousForces' was not declared or defined.
/home/jenkins/carla/Unreal/CarlaUE4/Plugins/Carla/Source/Carla/Vegetation/SpringBasedVegetationComponent.cpp:600: warning: documented symbol `void USpringBasedVegetationComponent::ResolveContactsAndCollisions' was not declared or defined.
/home/jenkins/carla/Unreal/CarlaUE4/Plugins/Carla/Source/Carla/Vegetation/SpringBasedVegetationComponent.cpp:766: warning: documented symbol `void USpringBasedVegetationComponent::SolveEquationOfMotion' was not declared or defined.
/home/jenkins/carla/Unreal/CarlaUE4/Plugins/Carla/Source/Carla/Vegetation/SpringBasedVegetationComponent.cpp:945: warning: no uniquely matching class member found for 
  void USpringBasedVegetationComponent::TickComponent(float DeltaTime, enum ELevelTick TickType, FActorComponentTickFunction *ThisTickFunction)

/home/jenkins/carla/Unreal/CarlaUE4/Plugins/Carla/Source/Carla/Vegetation/SpringBasedVegetationComponent.cpp:977: warning: no matching class member found for 
  void USpringBasedVegetationComponent::OnCollisionEvent(UPrimitiveComponent *HitComponent, AActor *OtherActor, UPrimitiveComponent *OtherComponent, FVector NormalImpulse, const FHitResult &Hit)

/home/jenkins/carla/Unreal/CarlaUE4/Plugins/Carla/Source/Carla/Vegetation/SpringBasedVegetationComponent.cpp:1006: warning: documented symbol `void USpringBasedVegetationComponent::OnBeginOverlapEvent' was not declared or defined.
/home/jenkins/carla/Unreal/CarlaUE4/Plugins/Carla/Source/Carla/Vegetation/SpringBasedVegetationComponent.cpp:1044: warning: documented symbol `void USpringBasedVegetationComponent::OnEndOverlapEvent' was not declared or defined.
/home/jenkins/carla/Unreal/CarlaUE4/Plugins/Carla/Source/Carla/Vegetation/SpringBasedVegetationComponent.cpp:1082: warning: documented symbol `void USpringBasedVegetationComponent::UpdateSkeletalMesh' was not declared or defined.
/home/jenkins/carla/Unreal/CarlaUE4/Plugins/Carla/Source/Carla/Vegetation/SpringBasedVegetationComponent.cpp:1117: warning: documented symbol `void USpringBasedVegetationComponent::UpdateGlobalTransform' was not declared or defined.
/home/jenkins/carla/Unreal/CarlaUE4/Plugins/Carla/Source/Carla/Vehicle/CustomTerrainPhysicsComponent.cpp:915: warning: documented symbol `void UCustomTerrainPhysicsComponent::UpdateTexture' was not declared or defined.
/home/jenkins/carla/Unreal/CarlaUE4/Plugins/Carla/Source/Carla/Vehicle/CustomTerrainPhysicsComponent.cpp:938: warning: documented symbol `void UCustomTerrainPhysicsComponent::InitTexture' was not declared or defined.
/home/jenkins/carla/Unreal/CarlaUE4/Plugins/Carla/Source/Carla/Vehicle/CustomTerrainPhysicsComponent.cpp:952: warning: documented symbol `void UCustomTerrainPhysicsComponent::UpdateLoadedTextureDataRegions' was not declared or defined.
/home/jenkins/carla/Unreal/CarlaUE4/Plugins/Carla/Source/Carla/Vehicle/CustomTerrainPhysicsComponent.cpp:1009: warning: documented symbol `void UCustomTerrainPhysicsComponent::UpdateLargeTexture' was not declared or defined.
/home/jenkins/carla/Unreal/CarlaUE4/Plugins/Carla/Source/Carla/Vehicle/CustomTerrainPhysicsComponent.cpp:1032: warning: documented symbol `void UCustomTerrainPhysicsComponent::UpdateLargeTextureData' was not declared or defined.
/home/jenkins/carla/Unreal/CarlaUE4/Plugins/Carla/Source/Carla/Vehicle/CustomTerrainPhysicsComponent.cpp:1076: warning: documented symbol `UCustomTerrainPhysicsComponent::UCustomTerrainPhysicsComponent' was not declared or defined.
/home/jenkins/carla/Unreal/CarlaUE4/Plugins/Carla/Source/Carla/Vehicle/CustomTerrainPhysicsComponent.cpp:1082: warning: no uniquely matching class member found for 
  void UCustomTerrainPhysicsComponent::BeginPlay()

/home/jenkins/carla/Unreal/CarlaUE4/Plugins/Carla/Source/Carla/Vehicle/CustomTerrainPhysicsComponent.cpp:1345: warning: documented symbol `void UCustomTerrainPhysicsComponent::BuildLandscapeHeightMapDataAasset' was not declared or defined.
/home/jenkins/carla/Unreal/CarlaUE4/Plugins/Carla/Source/Carla/Vehicle/CustomTerrainPhysicsComponent.cpp:1386: warning: documented symbol `float UCustomTerrainPhysicsComponent::GetHeightAtLocation' was not declared or defined.
/home/jenkins/carla/Unreal/CarlaUE4/Plugins/Carla/Source/Carla/Vehicle/CustomTerrainPhysicsComponent.cpp:1394: warning: no uniquely matching class member found for 
  void UCustomTerrainPhysicsComponent::EndPlay(const EEndPlayReason::Type EndPlayReason)

/home/jenkins/carla/Unreal/CarlaUE4/Plugins/Carla/Source/Carla/Vehicle/CustomTerrainPhysicsComponent.cpp:1408: warning: no uniquely matching class member found for 
  void UCustomTerrainPhysicsComponent::TickComponent(float DeltaTime, ELevelTick TickType, FActorComponentTickFunction *ThisTickFunction)

/home/jenkins/carla/Unreal/CarlaUE4/Plugins/Carla/Source/Carla/Vehicle/CustomTerrainPhysicsComponent.cpp:1567: warning: documented symbol `void UCustomTerrainPhysicsComponent::DrawParticles' was not declared or defined.
/home/jenkins/carla/Unreal/CarlaUE4/Plugins/Carla/Source/Carla/Vehicle/CustomTerrainPhysicsComponent.cpp:1594: warning: documented symbol `void UCustomTerrainPhysicsComponent::DrawParticlesArray' was not declared or defined.
/home/jenkins/carla/Unreal/CarlaUE4/Plugins/Carla/Source/Carla/Vehicle/CustomTerrainPhysicsComponent.cpp:1618: warning: documented symbol `void UCustomTerrainPhysicsComponent::DrawOrientedBox' was not declared or defined.
/home/jenkins/carla/Unreal/CarlaUE4/Plugins/Carla/Source/Carla/Vehicle/CustomTerrainPhysicsComponent.cpp:1673: warning: documented symbol `void UCustomTerrainPhysicsComponent::DrawTiles' was not declared or defined.
/home/jenkins/carla/Unreal/CarlaUE4/Plugins/Carla/Source/Carla/Vehicle/CustomTerrainPhysicsComponent.cpp:1720: warning: documented symbol `void UCustomTerrainPhysicsComponent::LimitParticlesPerWheel' was not declared or defined.
/home/jenkins/carla/Unreal/CarlaUE4/Plugins/Carla/Source/Carla/Vehicle/CustomTerrainPhysicsComponent.cpp:1734: warning: documented symbol `void UCustomTerrainPhysicsComponent::GenerateBenchmarkParticles' was not declared or defined.
/home/jenkins/carla/Unreal/CarlaUE4/Plugins/Carla/Source/Carla/Vehicle/CustomTerrainPhysicsComponent.cpp:1780: warning: documented symbol `void UCustomTerrainPhysicsComponent::RunNNPhysicsSimulation' was not declared or defined.
/home/jenkins/carla/Unreal/CarlaUE4/Plugins/Carla/Source/Carla/Vehicle/CustomTerrainPhysicsComponent.cpp:2047: warning: documented symbol `void UCustomTerrainPhysicsComponent::UpdateParticles' was not declared or defined.
/home/jenkins/carla/Unreal/CarlaUE4/Plugins/Carla/Source/Carla/Vehicle/CustomTerrainPhysicsComponent.cpp:2080: warning: documented symbol `void UCustomTerrainPhysicsComponent::UpdateParticlesDebug' was not declared or defined.
/home/jenkins/carla/Unreal/CarlaUE4/Plugins/Carla/Source/Carla/Vehicle/CustomTerrainPhysicsComponent.cpp:2094: warning: no uniquely matching class member found for 
  void UCustomTerrainPhysicsComponent::OnLevelAddedToWorld(ULevel *InLevel, UWorld *InWorld)

/home/jenkins/carla/Unreal/CarlaUE4/Plugins/Carla/Source/Carla/Vehicle/CustomTerrainPhysicsComponent.cpp:2122: warning: documented symbol `void UCustomTerrainPhysicsComponent::UpdateTilesHeightMaps' was not declared or defined.
/home/jenkins/carla/Unreal/CarlaUE4/Plugins/Carla/Source/Carla/Vehicle/CustomTerrainPhysicsComponent.cpp:2152: warning: documented symbol `void UCustomTerrainPhysicsComponent::RemoveParticlesFromOrderedContainer' was not declared or defined.
/home/jenkins/carla/Unreal/CarlaUE4/Plugins/Carla/Source/Carla/Vehicle/CustomTerrainPhysicsComponent.cpp:2205: warning: documented symbol `void UCustomTerrainPhysicsComponent::AddParticlesToOrderedContainer' was not declared or defined.
/home/jenkins/carla/Unreal/CarlaUE4/Plugins/Carla/Source/Carla/Vehicle/CustomTerrainPhysicsComponent.cpp:2243: warning: documented symbol `void UCustomTerrainPhysicsComponent::FlagTilesToRedoOrderedContainer' was not declared or defined.
/home/jenkins/carla/Unreal/CarlaUE4/Plugins/Carla/Source/Carla/Vehicle/CustomTerrainPhysicsComponent.cpp:2264: warning: documented symbol `void UCustomTerrainPhysicsComponent::UpdateTilesHeightMapsInRadius' was not declared or defined.
/home/jenkins/carla/Unreal/CarlaUE4/Plugins/Carla/Source/Carla/Vehicle/CustomTerrainPhysicsComponent.cpp:2292: warning: documented symbol `void UCustomTerrainPhysicsComponent::AddForceToSingleWheel' was not declared or defined.
/home/jenkins/carla/Unreal/CarlaUE4/Plugins/Carla/Source/Carla/Vehicle/CustomTerrainPhysicsComponent.cpp:2310: warning: documented symbol `void UCustomTerrainPhysicsComponent::ApplyForcesToVehicle' was not declared or defined.
/home/jenkins/carla/Unreal/CarlaUE4/Plugins/Carla/Source/Carla/Vehicle/CustomTerrainPhysicsComponent.cpp:2392: warning: documented symbol `void UCustomTerrainPhysicsComponent::ApplyMeanAccelerationToVehicle' was not declared or defined.
/home/jenkins/carla/Unreal/CarlaUE4/Plugins/Carla/Source/Carla/Vehicle/CustomTerrainPhysicsComponent.cpp:2435: warning: no uniquely matching class member found for 
  TArray< FVector > UCustomTerrainPhysicsComponent::GetParticlesInRadius(FVector Position, float InRadius)

/home/jenkins/carla/Unreal/CarlaUE4/Plugins/Carla/Source/Carla/Vehicle/CustomTerrainPhysicsComponent.cpp:2446: warning: no matching class member found for 
  TArray< FVector > UCustomTerrainPhysicsComponent::GetParticlesInTileRadius(FVector Position, float InRadius)

/home/jenkins/carla/Unreal/CarlaUE4/Plugins/Carla/Source/Carla/Vehicle/CustomTerrainPhysicsComponent.cpp:2458: warning: documented symbol `FVector UCustomTerrainPhysicsComponent::GetTileCenter' was not declared or defined.
/home/jenkins/carla/Unreal/CarlaUE4/Plugins/Carla/Source/Carla/Vehicle/CustomTerrainPhysicsComponent.cpp:2466: warning: documented symbol `void UCustomTerrainPhysicsComponent::SetUpParticleArrays' was not declared or defined.
/home/jenkins/carla/Unreal/CarlaUE4/Plugins/Carla/Source/Carla/Vehicle/CustomTerrainPhysicsComponent.cpp:2530: warning: documented symbol `void UCustomTerrainPhysicsComponent::SetUpWheelArrays' was not declared or defined.
/home/jenkins/carla/Unreal/CarlaUE4/Plugins/Carla/Source/Carla/Vehicle/CustomTerrainPhysicsComponent.cpp:2604: warning: documented symbol `void UCustomTerrainPhysicsComponent::AddForces' was not declared or defined.
/home/jenkins/carla/Unreal/CarlaUE4/Plugins/Carla/Source/Carla/Vehicle/CustomTerrainPhysicsComponent.cpp:2613: warning: documented symbol `void UCustomTerrainPhysicsComponent::ApplyForces' was not declared or defined.
/home/jenkins/carla/Unreal/CarlaUE4/Plugins/Carla/Source/Carla/Vehicle/CustomTerrainPhysicsComponent.cpp:2622: warning: no matching class member found for 
  void UCustomTerrainPhysicsComponent::UpdateMaps(FVector Position, float RadiusX, float RadiusY, float CacheRadiusX, float CacheRadiusY)

/home/jenkins/carla/Unreal/CarlaUE4/Plugins/Carla/Source/Carla/Vehicle/VehicleVelocityControl.cpp:12: warning: documented symbol `UVehicleVelocityControl::UVehicleVelocityControl' was not declared or defined.
/home/jenkins/carla/Unreal/CarlaUE4/Plugins/Carla/Source/Carla/Vehicle/VehicleVelocityControl.cpp:17: warning: no uniquely matching class member found for 
  void UVehicleVelocityControl::BeginPlay()

/home/jenkins/carla/Unreal/CarlaUE4/Plugins/Carla/Source/Carla/Vehicle/VehicleVelocityControl.cpp:28: warning: documented symbol `void UVehicleVelocityControl::Activate' was not declared or defined.
/home/jenkins/carla/Unreal/CarlaUE4/Plugins/Carla/Source/Carla/Vehicle/VehicleVelocityControl.cpp:36: warning: documented symbol `void UVehicleVelocityControl::Activate' was not declared or defined.
/home/jenkins/carla/Unreal/CarlaUE4/Plugins/Carla/Source/Carla/Vehicle/VehicleVelocityControl.cpp:44: warning: documented symbol `void UVehicleVelocityControl::Deactivate' was not declared or defined.
/home/jenkins/carla/Unreal/CarlaUE4/Plugins/Carla/Source/Carla/Vehicle/VehicleVelocityControl.cpp:50: warning: no uniquely matching class member found for 
  void UVehicleVelocityControl::TickComponent(float DeltaTime, enum ELevelTick TickType, FActorComponentTickFunction *ThisTickFunction)

/home/jenkins/carla/Unreal/CarlaUE4/Plugins/Carla/Source/Carla/Vehicle/WheeledVehicleMovementComponentNW.cpp:14: warning: documented symbol `UWheeledVehicleMovementComponentNW::UWheeledVehicleMovementComponentNW' was not declared or defined.
/home/jenkins/carla/Unreal/CarlaUE4/Plugins/Carla/Source/Carla/Vehicle/WheeledVehicleMovementComponentNW.cpp:173: warning: documented symbol `int32 UWheeledVehicleMovementComponentNW::GetCustomGearBoxNumForwardGears' was not declared or defined.
/home/jenkins/carla/Unreal/CarlaUE4/Plugins/Carla/Source/Carla/Vehicle/WheeledVehicleMovementComponentNW.cpp:202: warning: documented symbol `void UWheeledVehicleMovementComponentNW::SetupVehicle' was not declared or defined.
/home/jenkins/carla/Unreal/CarlaUE4/Plugins/Carla/Source/Carla/Vehicle/WheeledVehicleMovementComponentNW.cpp:273: warning: documented symbol `void UWheeledVehicleMovementComponentNW::UpdateSimulation' was not declared or defined.
/home/jenkins/carla/Unreal/CarlaUE4/Plugins/Carla/Source/Carla/Vehicle/WheeledVehicleMovementComponentNW.cpp:314: warning: documented symbol `void UWheeledVehicleMovementComponentNW::UpdateEngineSetup' was not declared or defined.
/home/jenkins/carla/Unreal/CarlaUE4/Plugins/Carla/Source/Carla/Vehicle/WheeledVehicleMovementComponentNW.cpp:326: warning: documented symbol `void UWheeledVehicleMovementComponentNW::UpdateDifferentialSetup' was not declared or defined.
/home/jenkins/carla/Unreal/CarlaUE4/Plugins/Carla/Source/Carla/Vehicle/WheeledVehicleMovementComponentNW.cpp:338: warning: documented symbol `void UWheeledVehicleMovementComponentNW::UpdateTransmissionSetup' was not declared or defined.
/home/jenkins/carla/Unreal/CarlaUE4/Plugins/Carla/Source/Carla/Vehicle/WheeledVehicleMovementComponentNW.cpp:362: warning: no uniquely matching class member found for 
  void UWheeledVehicleMovementComponentNW::Serialize(FArchive &Ar)

/home/jenkins/carla/Unreal/CarlaUE4/Plugins/Carla/Source/Carla/Vehicle/WheeledVehicleMovementComponentNW.cpp:388: warning: documented symbol `void UWheeledVehicleMovementComponentNW::ComputeConstants' was not declared or defined.
/home/jenkins/carla/Unreal/CarlaUE4/Plugins/Carla/Source/Carla/Vehicle/WheeledVehicleMovementComponentNW.cpp:394: warning: documented symbol `const void * UWheeledVehicleMovementComponentNW::GetTireData' was not declared or defined.
/home/jenkins/carla/Unreal/CarlaUE4/Plugins/Carla/Source/Carla/Vehicle/WheeledVehicleMovementComponentNW.cpp:400: warning: documented symbol `const int32 UWheeledVehicleMovementComponentNW::GetWheelShapeMapping' was not declared or defined.
/home/jenkins/carla/Unreal/CarlaUE4/Plugins/Carla/Source/Carla/Vehicle/WheeledVehicleMovementComponentNW.cpp:406: warning: documented symbol `const physx::PxVehicleWheelData UWheeledVehicleMovementComponentNW::GetWheelData' was not declared or defined.
/home/jenkins/carla/LibCarla/source/carla/profiler/LifetimeProfiled.cpp:71: warning: documented symbol `carla::profiler::LifetimeProfiled::~LifetimeProfiled' was not declared or defined.
/home/jenkins/carla/LibCarla/source/carla/profiler/Profiler.cpp:73: warning: documented symbol `carla::profiler::detail::ProfilerData::~ProfilerData' was not declared or defined.
/home/jenkins/carla/LibCarla/source/carla/sensor/data/ImageTmpl.h:33: warning: documented symbol `GBufferUint8Serializer' was not declared or defined.
/home/jenkins/carla/LibCarla/source/carla/sensor/data/ImageTmpl.h:34: warning: documented symbol `GBufferFloatSerializer' was not declared or defined.
/home/jenkins/carla/Unreal/CarlaUE4/Plugins/Carla/Source/Carla/Game/CarlaEpisode.h:249: warning: @copybrief or @copydoc target 'FActorDispatcher::DestroyActor(AActor*)' not found
/home/jenkins/carla/Unreal/CarlaUE4/Plugins/Carla/Source/Carla/Game/CarlaEpisode.h:249: warning: @copybrief or @copydoc target 'FActorDispatcher::DestroyActor(AActor*)' not found
/home/jenkins/carla/Unreal/CarlaUE4/Plugins/Carla/Source/Carla/Game/CarlaEpisode.h:249: warning: @copybrief or @copydoc target 'FActorDispatcher::DestroyActor(AActor*)' not found
warning: Included by graph for 'Carla.h' not generated, too many nodes. Consider increasing DOT_GRAPH_MAX_NODES.
warning: Include graph for 'CarlaServer.cpp' not generated, too many nodes. Consider increasing DOT_GRAPH_MAX_NODES.
warning: Included by graph for 'disable-ue4-macros.h' not generated, too many nodes. Consider increasing DOT_GRAPH_MAX_NODES.
warning: Included by graph for 'enable-ue4-macros.h' not generated, too many nodes. Consider increasing DOT_GRAPH_MAX_NODES.
/home/jenkins/carla/Unreal/CarlaUE4/Plugins/Carla/Source/Carla/Game/CarlaEpisode.h:249: warning: @copybrief or @copydoc target 'FActorDispatcher::DestroyActor(AActor*)' not found
/home/jenkins/carla/Unreal/CarlaUE4/Plugins/Carla/Source/Carla/Game/CarlaEpisode.h:249: warning: @copybrief or @copydoc target 'FActorDispatcher::DestroyActor(AActor*)' not found
/home/jenkins/carla/Unreal/CarlaUE4/Plugins/Carla/Source/Carla/Game/CarlaEpisode.h:249: warning: @copybrief or @copydoc target 'FActorDispatcher::DestroyActor(AActor*)' not found
/home/jenkins/carla/Unreal/CarlaUE4/Plugins/Carla/Source/Carla/Game/CarlaEpisode.h:249: warning: @copybrief or @copydoc target 'FActorDispatcher::DestroyActor(AActor*)' not found
/home/jenkins/carla/Unreal/CarlaUE4/Plugins/Carla/Source/Carla/Game/CarlaEpisode.h:249: warning: @copybrief or @copydoc target 'FActorDispatcher::DestroyActor(AActor*)' not found
/home/jenkins/carla/Unreal/CarlaUE4/Plugins/Carla/Source/Carla/Game/CarlaEpisode.h:249: warning: @copybrief or @copydoc target 'FActorDispatcher::DestroyActor(AActor*)' not found
/home/jenkins/carla/Unreal/CarlaUE4/Plugins/Carla/Source/Carla/Game/CarlaEpisode.h:249: warning: @copybrief or @copydoc target 'FActorDispatcher::DestroyActor(AActor*)' not found
/home/jenkins/carla/Unreal/CarlaUE4/Plugins/Carla/Source/Carla/Game/CarlaEpisode.h:249: warning: @copybrief or @copydoc target 'FActorDispatcher::DestroyActor(AActor*)' not found
/home/jenkins/carla/Unreal/CarlaUE4/Plugins/Carla/Source/Carla/Game/CarlaEpisode.h:249: warning: @copybrief or @copydoc target 'FActorDispatcher::DestroyActor(AActor*)' not found
/home/jenkins/carla/Unreal/CarlaUE4/Plugins/Carla/Source/Carla/Game/CarlaEpisode.h:249: warning: @copybrief or @copydoc target 'FActorDispatcher::DestroyActor(AActor*)' not found
/home/jenkins/carla/Unreal/CarlaUE4/Plugins/Carla/Source/Carla/Game/CarlaEpisode.h:249: warning: @copybrief or @copydoc target 'FActorDispatcher::DestroyActor(AActor*)' not found
/home/jenkins/carla/Unreal/CarlaUE4/Plugins/Carla/Source/Carla/Game/CarlaEpisode.h:249: warning: @copybrief or @copydoc target 'FActorDispatcher::DestroyActor(AActor*)' not found
/home/jenkins/carla/Unreal/CarlaUE4/Plugins/Carla/Source/Carla/Game/CarlaEpisode.h:249: warning: @copybrief or @copydoc target 'FActorDispatcher::DestroyActor(AActor*)' not found
/home/jenkins/carla/Unreal/CarlaUE4/Plugins/Carla/Source/Carla/Game/CarlaEpisode.h:249: warning: @copybrief or @copydoc target 'FActorDispatcher::DestroyActor(AActor*)' not found
/home/jenkins/carla/Unreal/CarlaUE4/Plugins/Carla/Source/Carla/Game/CarlaEpisode.h:249: warning: @copybrief or @copydoc target 'FActorDispatcher::DestroyActor(AActor*)' not found
/home/jenkins/carla/Unreal/CarlaUE4/Plugins/Carla/Source/Carla/Game/CarlaEpisode.h:249: warning: @copybrief or @copydoc target 'FActorDispatcher::DestroyActor(AActor*)' not found
/home/jenkins/carla/Unreal/CarlaUE4/Plugins/Carla/Source/Carla/Game/CarlaEpisode.h:249: warning: @copybrief or @copydoc target 'FActorDispatcher::DestroyActor(AActor*)' not found
/home/jenkins/carla/Unreal/CarlaUE4/Plugins/Carla/Source/Carla/Game/CarlaEpisode.h:249: warning: @copybrief or @copydoc target 'FActorDispatcher::DestroyActor(AActor*)' not found
warning: Caller graph for 'FCarlaActor::GetActor' not generated, too many nodes. Consider increasing DOT_GRAPH_MAX_NODES.
/home/jenkins/carla/Unreal/CarlaUE4/Plugins/Carla/Source/Carla/Game/CarlaEpisode.h:249: warning: @copybrief or @copydoc target 'FActorDispatcher::DestroyActor(AActor*)' not found
warning: Caller graph for 'FCarlaActor::IsDormant' not generated, too many nodes. Consider increasing DOT_GRAPH_MAX_NODES.
/home/jenkins/carla/Unreal/CarlaUE4/Plugins/Carla/Source/Carla/Game/CarlaEpisode.h:249: warning: @copybrief or @copydoc target 'FActorDispatcher::DestroyActor(AActor*)' not found
/home/jenkins/carla/Unreal/CarlaUE4/Plugins/Carla/Source/Carla/Game/CarlaEpisode.h:249: warning: @copybrief or @copydoc target 'FActorDispatcher::DestroyActor(AActor*)' not found
/home/jenkins/carla/Unreal/CarlaUE4/Plugins/Carla/Source/Carla/Game/CarlaEpisode.h:249: warning: @copybrief or @copydoc target 'FActorDispatcher::DestroyActor(AActor*)' not found
/home/jenkins/carla/Unreal/CarlaUE4/Plugins/Carla/Source/Carla/Game/CarlaEpisode.h:249: warning: @copybrief or @copydoc target 'FActorDispatcher::DestroyActor(AActor*)' not found
/home/jenkins/carla/Unreal/CarlaUE4/Plugins/Carla/Source/Carla/Game/CarlaEpisode.h:249: warning: @copybrief or @copydoc target 'FActorDispatcher::DestroyActor(AActor*)' not found
/home/jenkins/carla/Unreal/CarlaUE4/Plugins/Carla/Source/Carla/Game/CarlaEpisode.h:249: warning: @copybrief or @copydoc target 'FActorDispatcher::DestroyActor(AActor*)' not found
warning: Call graph for 'FCarlaServer::FPimpl::BindActions' not generated, too many nodes. Consider increasing DOT_GRAPH_MAX_NODES.
/home/jenkins/carla/Unreal/CarlaUE4/Plugins/Carla/Source/Carla/Game/CarlaEpisode.h:249: warning: @copybrief or @copydoc target 'FActorDispatcher::DestroyActor(AActor*)' not found
/home/jenkins/carla/Unreal/CarlaUE4/Plugins/Carla/Source/Carla/Game/CarlaEpisode.h:249: warning: @copybrief or @copydoc target 'FActorDispatcher::DestroyActor(AActor*)' not found
/home/jenkins/carla/Unreal/CarlaUE4/Plugins/Carla/Source/Carla/Game/CarlaEpisode.h:249: warning: @copybrief or @copydoc target 'FActorDispatcher::DestroyActor(AActor*)' not found
warning: Call graph for 'FFrameData::SetEpisode' not generated, too many nodes. Consider increasing DOT_GRAPH_MAX_NODES.
/home/jenkins/carla/Unreal/CarlaUE4/Plugins/Carla/Source/Carla/Online/CustomFileDownloader.h:39: warning: argument 'Verb' of command @param is not found in the argument list of FHttpDownloader::FHttpDownloader(const FString &InVerb, const FString &InUrl, const FString &InFilename, FDownloadComplete &Delegate)
/home/jenkins/carla/Unreal/CarlaUE4/Plugins/Carla/Source/Carla/Online/CustomFileDownloader.h:39: warning: argument 'Url' of command @param is not found in the argument list of FHttpDownloader::FHttpDownloader(const FString &InVerb, const FString &InUrl, const FString &InFilename, FDownloadComplete &Delegate)
/home/jenkins/carla/Unreal/CarlaUE4/Plugins/Carla/Source/Carla/Online/CustomFileDownloader.h:44: warning: The following parameters of FHttpDownloader::FHttpDownloader(const FString &InVerb, const FString &InUrl, const FString &InFilename, FDownloadComplete &Delegate) are not documented:
  parameter 'InVerb'
  parameter 'InUrl'
  parameter 'InFilename'
  parameter 'Delegate'
/home/jenkins/carla/Unreal/CarlaUE4/Plugins/Carla/Source/Carla/Game/CarlaEpisode.h:249: warning: @copybrief or @copydoc target 'FActorDispatcher::DestroyActor(AActor*)' not found
/home/jenkins/carla/Unreal/CarlaUE4/Plugins/Carla/Source/Carla/Game/CarlaEpisode.h:249: warning: @copybrief or @copydoc target 'FActorDispatcher::DestroyActor(AActor*)' not found
/home/jenkins/carla/Unreal/CarlaUE4/Plugins/Carla/Source/Carla/Game/CarlaEpisode.h:249: warning: @copybrief or @copydoc target 'FActorDispatcher::DestroyActor(AActor*)' not found
/home/jenkins/carla/Unreal/CarlaUE4/Plugins/Carla/Source/Carla/Game/CarlaEpisode.h:249: warning: @copydetails or @copydoc target 'FActorDispatcher::DestroyActor(AActor*)' not found
/home/jenkins/carla/Unreal/CarlaUE4/Plugins/Carla/Source/Carla/Game/CarlaEpisode.h:249: warning: @copybrief or @copydoc target 'FActorDispatcher::DestroyActor(AActor*)' not found
/home/jenkins/carla/Unreal/CarlaUE4/Plugins/Carla/Source/Carla/Game/CarlaEpisode.h:249: warning: @copybrief or @copydoc target 'FActorDispatcher::DestroyActor(AActor*)' not found
/home/jenkins/carla/Unreal/CarlaUE4/Plugins/Carla/Source/Carla/Game/CarlaEpisode.h:249: warning: @copybrief or @copydoc target 'FActorDispatcher::DestroyActor(AActor*)' not found
/home/jenkins/carla/Unreal/CarlaUE4/Plugins/Carla/Source/Carla/Settings/CarlaSettingsDelegate.cpp:320: warning: Found unknown command `\TODO'
warning: Caller graph for 'carla::client::detail::ActorState::GetEpisode' not generated, too many nodes. Consider increasing DOT_GRAPH_MAX_NODES.
warning: Caller graph for 'carla::client::detail::ActorState::GetId' not generated, too many nodes. Consider increasing DOT_GRAPH_MAX_NODES.
warning: Caller graph for 'carla::client::detail::EpisodeProxyImpl::Lock' not generated, too many nodes. Consider increasing DOT_GRAPH_MAX_NODES.
/home/jenkins/carla/LibCarla/source/carla/client/detail/Simulator.h:339: warning: Found unknown command `\gc'
/home/jenkins/carla/LibCarla/source/carla/geom/BoundingBox.h:108: warning: argument 'in_bbox_to_world_transform' of command @param is not found in the argument list of carla::geom::BoundingBox::GetWorldVertices(const Transform &in_bbox_to_world_tr) const
/home/jenkins/carla/LibCarla/source/carla/geom/BoundingBox.h:111: warning: The following parameters of carla::geom::BoundingBox::GetWorldVertices(const Transform &in_bbox_to_world_tr) const are not documented:
  parameter 'in_bbox_to_world_tr'
/home/jenkins/carla/LibCarla/source/carla/road/Lane.cpp:258: warning: Found unknown command `\TODO'
/home/jenkins/carla/LibCarla/source/carla/road/Road.h:102: warning: argument 'dist' of command @param is not found in the argument list of carla::road::Road::GetNearestLane(const double s, const geom::Location &loc, uint32_t type=static_cast< uint32_t >(Lane::LaneType::Any)) const
/home/jenkins/carla/LibCarla/source/carla/road/Road.h:107: warning: The following parameters of carla::road::Road::GetNearestLane(const double s, const geom::Location &loc, uint32_t type=static_cast< uint32_t >(Lane::LaneType::Any)) const are not documented:
  parameter 's'
  parameter 'type'
/home/jenkins/carla/LibCarla/source/carla/client/Timestamp.h:56: warning: expected whitespace after [ command
/home/jenkins/carla/LibCarla/source/carla/rss/RssCheck.h:350: warning: expected whitespace after [ command
/home/jenkins/carla/LibCarla/source/carla/rss/RssCheck.h:382: warning: expected whitespace after [ command
/home/jenkins/carla/LibCarla/source/carla/rss/RssCheck.h:401: warning: expected whitespace after [ command
